<?xml version="1.0" encoding="UTF-8"?>
<testsuite xmlns:xsi="http://www.w3.org/2001/XMLSchema-instance" xsi:noNamespaceSchemaLocation="https://maven.apache.org/surefire/maven-surefire-plugin/xsd/surefire-test-report-3.0.xsd" version="3.0" name="com.vylop.backend.BackendApplicationTests" time="9.345" tests="1" errors="0" skipped="0" failures="0">
  <properties>
[...]
</properties>
  <testcase name="contextLoads" classname="com.vylop.backend.BackendApplicationTests" time="0.677">
    <system-out><![CDATA[22:47:41.863 [main] INFO org.springframework.test.context.support.AnnotationConfigContextLoaderUtils -- Could not detect default configuration classes for test class [com.vylop.backend.BackendApplicationTests]: BackendApplicationTests does not declare any static, non-private, non-final, nested classes annotated with @Configuration.
22:47:42.027 [main] INFO org.springframework.boot.test.context.SpringBootTestContextBootstrapper -- Found @SpringBootConfiguration com.vylop.backend.BackendApplication for test class com.vylop.backend.BackendApplicationTests
22:47:42.445 [main] INFO org.springframework.boot.devtools.restart.RestartApplicationListener -- Restart disabled due to context in which it is running
  .   ____          _            __ _ _
 /\\ / ___'_ __ _ _(_)_ __  __ _ \ \ \ \
( ( )\___ | '_ | '_| | '_ \/ _` | \ \ \ \
 \\/  ___)| |_)| | | | | || (_| |  ) ) ) )
  '  |____| .__|_| |_|_| |_\__, | / / / /
 =========|_|==============|___/=/_/_/_/

 :: Spring Boot ::                (v3.3.0)

2026-08-07T22:47:42.880+05:30  INFO 16920 --- [Backend] [           main] c.vylop.backend.BackendApplicationTests  : Starting BackendApplicationTests using Java 17.0.12 with PID 16920 (started by ASUS in C:\Users\ASUS\Documents\vylop\backend)
2026-08-07T22:47:42.882+05:30  INFO 16920 --- [Backend] [           main] c.vylop.backend.BackendApplicationTests  : The following 1 profile is active: "test"
2026-08-07T22:47:44.120+05:30  INFO 16920 --- [Backend] [           main] .s.d.r.c.RepositoryConfigurationDelegate : Bootstrapping Spring Data JPA repositories in DEFAULT mode.
2026-08-07T22:47:44.228+05:30  INFO 16920 --- [Backend] [           main] .s.d.r.c.RepositoryConfigurationDelegate : Finished Spring Data repository scanning in 94 ms. Found 3 JPA repository interfaces.
2026-08-07T22:47:45.146+05:30  INFO 16920 --- [Backend] [           main] o.hibernate.jpa.internal.util.LogHelper  : HHH000204: Processing PersistenceUnitInfo [name: default]
2026-08-07T22:47:45.277+05:30  INFO 16920 --- [Backend] [           main] org.hibernate.Version                    : HHH000412: Hibernate ORM core version 6.5.2.Final
2026-08-07T22:47:45.350+05:30  INFO 16920 --- [Backend] [           main] o.h.c.internal.RegionFactoryInitiator    : HHH000026: Second-level cache disabled
2026-08-07T22:47:46.048+05:30  INFO 16920 --- [Backend] [           main] o.s.o.j.p.SpringPersistenceUnitInfo      : No LoadTimeWeaver setup: ignoring JPA class transformer
2026-08-07T22:47:46.097+05:30  INFO 16920 --- [Backend] [           main] com.zaxxer.hikari.HikariDataSource       : HikariPool-1 - Starting...
2026-08-07T22:47:46.422+05:30  INFO 16920 --- [Backend] [           main] com.zaxxer.hikari.pool.HikariPool        : HikariPool-1 - Added connection conn0: url=jdbc:h2:mem:vylopdb user=SA
2026-08-07T22:47:46.425+05:30  INFO 16920 --- [Backend] [           main] com.zaxxer.hikari.HikariDataSource       : HikariPool-1 - Start completed.
2026-08-07T22:47:46.473+05:30  WARN 16920 --- [Backend] [           main] org.hibernate.dialect.Dialect            : HHH000511: The 2.2.224 version for [org.hibernate.dialect.PostgreSQLDialect] is no longer supported, hence certain features may not work properly. The minimum supported version is 12.0.0. Check the community dialects project for available legacy versions.
2026-08-07T22:47:46.487+05:30  WARN 16920 --- [Backend] [           main] org.hibernate.orm.deprecation            : HHH90000025: PostgreSQLDialect does not need to be specified explicitly using 'hibernate.dialect' (remove the property setting and it will be selected by default)
2026-08-07T22:47:48.080+05:30  INFO 16920 --- [Backend] [           main] o.h.e.t.j.p.i.JtaPlatformInitiator       : HHH000489: No JTA platform available (set 'hibernate.transaction.jta.platform' to enable JTA platform integration)
Hibernate: 
    alter table if exists room_files 
       drop constraint if exists FKccgcxl6ogai8eb6g6vmuodyld
Hibernate: 
    alter table if exists rooms 
       drop constraint if exists FKoxd2xovikhdpk4si9ffhyb83i
Hibernate: 
    drop table if exists room_files cascade
Hibernate: 
    drop table if exists rooms cascade
Hibernate: 
    drop table if exists users cascade
Hibernate: 
    create table room_files (
        updated_at timestamp(6),
        id uuid not null,
        room_id uuid not null,
        content TEXT,
        file_name varchar(255) not null,
        language varchar(255) not null,
        primary key (id)
    )
Hibernate: 
    create table rooms (
        is_private boolean not null,
        created_at timestamp(6),
        host_id uuid not null,
        id uuid not null,
        name varchar(255) not null,
        primary key (id)
    )
Hibernate: 
    create table users (
        created_at timestamp(6),
        id uuid not null,
        email varchar(255) not null unique,
        password varchar(255) not null,
        username varchar(255) not null unique,
        primary key (id)
    )
Hibernate: 
    alter table if exists room_files 
       add constraint FKccgcxl6ogai8eb6g6vmuodyld 
       foreign key (room_id) 
       references rooms
Hibernate: 
    alter table if exists rooms 
       add constraint FKoxd2xovikhdpk4si9ffhyb83i 
       foreign key (host_id) 
       references users
2026-08-07T22:47:48.150+05:30  INFO 16920 --- [Backend] [           main] j.LocalContainerEntityManagerFactoryBean : Initialized JPA EntityManagerFactory for persistence unit 'default'
2026-08-07T22:47:48.815+05:30  WARN 16920 --- [Backend] [           main] r$InitializeUserDetailsManagerConfigurer : Found 2 UserDetailsService beans, with names [customUserDetailsService, userDetailsService]. Global Authentication Manager will not use a UserDetailsService for username/password login. Consider publishing a single UserDetailsService bean.
2026-08-07T22:47:48.866+05:30  WARN 16920 --- [Backend] [           main] JpaBaseConfiguration$JpaWebConfiguration : spring.jpa.open-in-view is enabled by default. Therefore, database queries may be performed during view rendering. Explicitly configure spring.jpa.open-in-view to disable this warning
2026-08-07T22:47:49.418+05:30  INFO 16920 --- [Backend] [           main] o.s.s.web.DefaultSecurityFilterChain     : Will secure any request with [org.springframework.security.web.session.DisableEncodeUrlFilter@5924ea91, org.springframework.security.web.context.request.async.WebAsyncManagerIntegrationFilter@7bc239db, org.springframework.security.web.context.SecurityContextHolderFilter@4ad57db1, org.springframework.security.web.header.HeaderWriterFilter@37f75ebf, org.springframework.web.filter.CorsFilter@709c6768, org.springframework.security.web.authentication.logout.LogoutFilter@4cb939d5, org.springframework.security.oauth2.client.web.OAuth2AuthorizationRequestRedirectFilter@34f3c920, org.springframework.security.oauth2.client.web.OAuth2LoginAuthenticationFilter@1ea78c72, com.vylop.backend.security.JwtAuthenticationFilter@252d2ac0, org.springframework.security.web.authentication.ui.DefaultLoginPageGeneratingFilter@4e9d1119, org.springframework.security.web.authentication.ui.DefaultLogoutPageGeneratingFilter@3e356ed6, org.springframework.security.web.savedrequest.RequestCacheAwareFilter@53bc6492, org.springframework.security.web.servletapi.SecurityContextHolderAwareRequestFilter@7fda84cf, org.springframework.security.web.authentication.AnonymousAuthenticationFilter@403b7be3, org.springframework.security.web.session.SessionManagementFilter@23d0f6be, org.springframework.security.web.access.ExceptionTranslationFilter@72e5206, org.springframework.security.web.access.intercept.AuthorizationFilter@3a641f6]
2026-08-07T22:47:50.196+05:30  INFO 16920 --- [Backend] [           main] o.s.m.s.b.SimpleBrokerMessageHandler     : Starting...
2026-08-07T22:47:50.196+05:30  INFO 16920 --- [Backend] [           main] o.s.m.s.b.SimpleBrokerMessageHandler     : BrokerAvailabilityEvent[available=true, SimpleBrokerMessageHandler [org.springframework.messaging.simp.broker.DefaultSubscriptionRegistry@4d0b8b8b]]
2026-08-07T22:47:50.197+05:30  INFO 16920 --- [Backend] [           main] o.s.m.s.b.SimpleBrokerMessageHandler     : Started.
2026-08-07T22:47:50.207+05:30  INFO 16920 --- [Backend] [           main] c.vylop.backend.BackendApplicationTests  : Started BackendApplicationTests in 7.788 seconds (process running for 9.496)
]]></system-out>
  </testcase>
</testsuite>